<?xml version="1.0" encoding="UTF-8"?>
<testng-results ignored="0" total="1" passed="1" failed="0" skipped="0">
  <reporter-output>
  </reporter-output>
  <suite started-at="2023-07-05T02:59:31 EET" name="Default suite" finished-at="2023-07-05T02:59:39 EET" duration-ms="8163">
    <groups>
    </groups>
    <test started-at="2023-07-05T02:59:31 EET" name="Default test" finished-at="2023-07-05T02:59:39 EET" duration-ms="8163">
      <class name="tests.CheckCategoryListTest">
        <test-method is-config="true" signature="startDriver()[pri:0, instance:tests.CheckCategoryListTest@223aa2f7]" started-at="2023-07-05T02:59:24 EET" name="startDriver" finished-at="2023-07-05T02:59:31 EET" duration-ms="6193" status="PASS">
          <reporter-output>
          </reporter-output>
        </test-method> <!-- startDriver -->
        <test-method signature="checkItemsOfEachCategory()[pri:0, instance:tests.CheckCategoryListTest@223aa2f7]" started-at="2023-07-05T02:59:31 EET" name="checkItemsOfEachCategory" finished-at="2023-07-05T02:59:39 EET" duration-ms="8104" status="PASS">
          <reporter-output>
          </reporter-output>
        </test-method> <!-- checkItemsOfEachCategory -->
        <test-method is-config="true" signature="stopDriver()[pri:0, instance:tests.CheckCategoryListTest@223aa2f7]" started-at="2023-07-05T02:59:39 EET" name="stopDriver" finished-at="2023-07-05T02:59:40 EET" duration-ms="1237" status="PASS">
          <reporter-output>
          </reporter-output>
        </test-method> <!-- stopDriver -->
      </class> <!-- tests.CheckCategoryListTest -->
    </test> <!-- Default test -->
  </suite> <!-- Default suite -->
</testng-results>
